# JRE version: Java(TM) SE Runtime Environment (8.0_331-b09) (build 1.8.0_331-b09)
# Java VM: Java HotSpot(TM) 64-Bit Server VM (25.331-b09 mixed mode windows-amd64 compressed oops)
Heap:
 PSYoungGen      total 31744K, used 10397K [0x000000076ad80000, 0x000000076e580000, 0x00000007c0000000)
  eden space 31232K, 32% used [0x000000076ad80000,0x000000076b788ea0,0x000000076cc00000)
  from space 512K, 23% used [0x000000076e500000,0x000000076e51e890,0x000000076e580000)
  to   space 512K, 0% used [0x000000076e480000,0x000000076e480000,0x000000076e500000)
 ParOldGen       total 175104K, used 32979K [0x00000006c0800000, 0x00000006cb300000, 0x000000076ad80000)
  object space 175104K, 18% used [0x00000006c0800000,0x00000006c2834f90,0x00000006cb300000)
 Metaspace       used 17684K, capacity 17906K, committed 18176K, reserved 1064960K
  class space    used 2164K, capacity 2229K, committed 2304K, reserved 1048576K
GC Heap History (10 events):
Event: 722.977 GC heap before
{Heap before GC invocations=1062 (full 0):
 PSYoungGen      total 31744K, used 31296K [0x000000076ad80000, 0x000000076e580000, 0x00000007c0000000)
  eden space 31232K, 100% used [0x000000076ad80000,0x000000076cc00000,0x000000076cc00000)
  from space 512K, 12% used [0x000000076e480000,0x000000076e490000,0x000000076e500000)
  to   space 512K, 0% used [0x000000076e500000,0x000000076e500000,0x000000076e580000)
 ParOldGen       total 175104K, used 32844K [0x00000006c0800000, 0x00000006cb300000, 0x000000076ad80000)
  object space 175104K, 18% used [0x00000006c0800000,0x00000006c2813230,0x00000006cb300000)
 Metaspace       used 17640K, capacity 17842K, committed 18176K, reserved 1064960K
  class space    used 2158K, capacity 2229K, committed 2304K, reserved 1048576K
Event: 722.977 GC heap after
Heap after GC invocations=1062 (full 0):
 PSYoungGen      total 31744K, used 64K [0x000000076ad80000, 0x000000076e580000, 0x00000007c0000000)
  eden space 31232K, 0% used [0x000000076ad80000,0x000000076ad80000,0x000000076cc00000)
  from space 512K, 12% used [0x000000076e500000,0x000000076e510000,0x000000076e580000)
  to   space 512K, 0% used [0x000000076e480000,0x000000076e480000,0x000000076e500000)
 ParOldGen       total 175104K, used 32890K [0x00000006c0800000, 0x00000006cb300000, 0x000000076ad80000)
  object space 175104K, 18% used [0x00000006c0800000,0x00000006c281eaf0,0x00000006cb300000)
 Metaspace       used 17640K, capacity 17842K, committed 18176K, reserved 1064960K
  class space    used 2158K, capacity 2229K, committed 2304K, reserved 1048576K
}
Event: 723.770 GC heap before
{Heap before GC invocations=1063 (full 0):
 PSYoungGen      total 31744K, used 31296K [0x000000076ad80000, 0x000000076e580000, 0x00000007c0000000)
  eden space 31232K, 100% used [0x000000076ad80000,0x000000076cc00000,0x000000076cc00000)
  from space 512K, 12% used [0x000000076e500000,0x000000076e510000,0x000000076e580000)
  to   space 512K, 0% used [0x000000076e480000,0x000000076e480000,0x000000076e500000)
 ParOldGen       total 175104K, used 32890K [0x00000006c0800000, 0x00000006cb300000, 0x000000076ad80000)
  object space 175104K, 18% used [0x00000006c0800000,0x00000006c281eaf0,0x00000006cb300000)
 Metaspace       used 17642K, capacity 17842K, committed 18176K, reserved 1064960K
  class space    used 2158K, capacity 2229K, committed 2304K, reserved 1048576K
Event: 723.771 GC heap after
Heap after GC invocations=1063 (full 0):
 PSYoungGen      total 31744K, used 96K [0x000000076ad80000, 0x000000076e580000, 0x00000007c0000000)
  eden space 31232K, 0% used [0x000000076ad80000,0x000000076ad80000,0x000000076cc00000)
  from space 512K, 18% used [0x000000076e480000,0x000000076e498000,0x000000076e500000)
  to   space 512K, 0% used [0x000000076e500000,0x000000076e500000,0x000000076e580000)
 ParOldGen       total 175104K, used 32906K [0x00000006c0800000, 0x00000006cb300000, 0x000000076ad80000)
  object space 175104K, 18% used [0x00000006c0800000,0x00000006c2822af0,0x00000006cb300000)
 Metaspace       used 17642K, capacity 17842K, committed 18176K, reserved 1064960K
  class space    used 2158K, capacity 2229K, committed 2304K, reserved 1048576K
}
Event: 724.574 GC heap before
{Heap before GC invocations=1064 (full 0):
 PSYoungGen      total 31744K, used 31328K [0x000000076ad80000, 0x000000076e580000, 0x00000007c0000000)
  eden space 31232K, 100% used [0x000000076ad80000,0x000000076cc00000,0x000000076cc00000)
  from space 512K, 18% used [0x000000076e480000,0x000000076e498000,0x000000076e500000)
  to   space 512K, 0% used [0x000000076e500000,0x000000076e500000,0x000000076e580000)
 ParOldGen       total 175104K, used 32906K [0x00000006c0800000, 0x00000006cb300000, 0x000000076ad80000)
  object space 175104K, 18% used [0x00000006c0800000,0x00000006c2822af0,0x00000006cb300000)
 Metaspace       used 17646K, capacity 17842K, committed 18176K, reserved 1064960K
  class space    used 2158K, capacity 2229K, committed 2304K, reserved 1048576K
Event: 724.575 GC heap after
Heap after GC invocations=1064 (full 0):
 PSYoungGen      total 31744K, used 96K [0x000000076ad80000, 0x000000076e580000, 0x00000007c0000000)
  eden space 31232K, 0% used [0x000000076ad80000,0x000000076ad80000,0x000000076cc00000)
  from space 512K, 18% used [0x000000076e500000,0x000000076e518000,0x000000076e580000)
  to   space 512K, 0% used [0x000000076e480000,0x000000076e480000,0x000000076e500000)
 ParOldGen       total 175104K, used 32922K [0x00000006c0800000, 0x00000006cb300000, 0x000000076ad80000)
  object space 175104K, 18% used [0x00000006c0800000,0x00000006c2826af0,0x00000006cb300000)
 Metaspace       used 17646K, capacity 17842K, committed 18176K, reserved 1064960K
  class space    used 2158K, capacity 2229K, committed 2304K, reserved 1048576K
}
Event: 725.396 GC heap before
{Heap before GC invocations=1065 (full 0):
 PSYoungGen      total 31744K, used 31328K [0x000000076ad80000, 0x000000076e580000, 0x00000007c0000000)
  eden space 31232K, 100% used [0x000000076ad80000,0x000000076cc00000,0x000000076cc00000)
  from space 512K, 18% used [0x000000076e500000,0x000000076e518000,0x000000076e580000)
  to   space 512K, 0% used [0x000000076e480000,0x000000076e480000,0x000000076e500000)
 ParOldGen       total 175104K, used 32922K [0x00000006c0800000, 0x00000006cb300000, 0x000000076ad80000)
  object space 175104K, 18% used [0x00000006c0800000,0x00000006c2826af0,0x00000006cb300000)
 Metaspace       used 17647K, capacity 17842K, committed 18176K, reserved 1064960K
  class space    used 2158K, capacity 2229K, committed 2304K, reserved 1048576K
Event: 725.396 GC heap after
Heap after GC invocations=1065 (full 0):
 PSYoungGen      total 31744K, used 96K [0x000000076ad80000, 0x000000076e580000, 0x00000007c0000000)
  eden space 31232K, 0% used [0x000000076ad80000,0x000000076ad80000,0x000000076cc00000)
  from space 512K, 18% used [0x000000076e480000,0x000000076e498000,0x000000076e500000)
  to   space 512K, 0% used [0x000000076e500000,0x000000076e500000,0x000000076e580000)
 ParOldGen       total 175104K, used 32963K [0x00000006c0800000, 0x00000006cb300000, 0x000000076ad80000)
  object space 175104K, 18% used [0x00000006c0800000,0x00000006c2830f90,0x00000006cb300000)
 Metaspace       used 17647K, capacity 17842K, committed 18176K, reserved 1064960K
  class space    used 2158K, capacity 2229K, committed 2304K, reserved 1048576K
}
Event: 741.484 GC heap before
{Heap before GC invocations=1066 (full 0):
 PSYoungGen      total 31744K, used 31328K [0x000000076ad80000, 0x000000076e580000, 0x00000007c0000000)
  eden space 31232K, 100% used [0x000000076ad80000,0x000000076cc00000,0x000000076cc00000)
  from space 512K, 18% used [0x000000076e480000,0x000000076e498000,0x000000076e500000)
  to   space 512K, 0% used [0x000000076e500000,0x000000076e500000,0x000000076e580000)
 ParOldGen       total 175104K, used 32963K [0x00000006c0800000, 0x00000006cb300000, 0x000000076ad80000)
  object space 175104K, 18% used [0x00000006c0800000,0x00000006c2830f90,0x00000006cb300000)
 Metaspace       used 17648K, capacity 17842K, committed 18176K, reserved 1064960K
  class space    used 2158K, capacity 2229K, committed 2304K, reserved 1048576K
Event: 741.485 GC heap after
Heap after GC invocations=1066 (full 0):
 PSYoungGen      total 31744K, used 122K [0x000000076ad80000, 0x000000076e580000, 0x00000007c0000000)
  eden space 31232K, 0% used [0x000000076ad80000,0x000000076ad80000,0x000000076cc00000)
  from space 512K, 23% used [0x000000076e500000,0x000000076e51e890,0x000000076e580000)
  to   space 512K, 0% used [0x000000076e480000,0x000000076e480000,0x000000076e500000)
 ParOldGen       total 175104K, used 32979K [0x00000006c0800000, 0x00000006cb300000, 0x000000076ad80000)
  object space 175104K, 18% used [0x00000006c0800000,0x00000006c2834f90,0x00000006cb300000)
 Metaspace       used 17648K, capacity 17842K, committed 18176K, reserved 1064960K
  class space    used 2158K, capacity 2229K, committed 2304K, reserved 1048576K
}

