# JRE version: Java(TM) SE Runtime Environment (8.0_331-b09) (build 1.8.0_331-b09)
# Java VM: Java HotSpot(TM) 64-Bit Server VM (25.331-b09 mixed mode windows-amd64 compressed oops)
Heap:
 PSYoungGen      total 46080K, used 0K [0x000000076ad80000, 0x000000076dc80000, 0x00000007c0000000)
  eden space 45568K, 0% used [0x000000076ad80000,0x000000076ad80000,0x000000076da00000)
  from space 512K, 0% used [0x000000076db80000,0x000000076db80000,0x000000076dc00000)
  to   space 512K, 0% used [0x000000076dc00000,0x000000076dc00000,0x000000076dc80000)
 ParOldGen       total 2790912K, used 2749038K [0x00000006c0800000, 0x000000076ad80000, 0x000000076ad80000)
  object space 2790912K, 98% used [0x00000006c0800000,0x000000076849b8f0,0x000000076ad80000)
 Metaspace       used 12416K, capacity 12656K, committed 12928K, reserved 1060864K
  class space    used 1527K, capacity 1612K, committed 1664K, reserved 1048576K
GC Heap History (10 events):
Event: 107.997 GC heap after
Heap after GC invocations=173 (full 0):
 PSYoungGen      total 31744K, used 64K [0x000000076ad80000, 0x000000076dc80000, 0x00000007c0000000)
  eden space 31232K, 0% used [0x000000076ad80000,0x000000076ad80000,0x000000076cc00000)
  from space 512K, 12% used [0x000000076db80000,0x000000076db90000,0x000000076dc00000)
  to   space 512K, 0% used [0x000000076dc00000,0x000000076dc00000,0x000000076dc80000)
 ParOldGen       total 175104K, used 2439K [0x00000006c0800000, 0x00000006cb300000, 0x000000076ad80000)
  object space 175104K, 1% used [0x00000006c0800000,0x00000006c0a61ee0,0x00000006cb300000)
 Metaspace       used 12410K, capacity 12656K, committed 12928K, reserved 1060864K
  class space    used 1527K, capacity 1612K, committed 1664K, reserved 1048576K
}
Event: 108.826 GC heap before
{Heap before GC invocations=174 (full 0):
 PSYoungGen      total 31744K, used 31296K [0x000000076ad80000, 0x000000076dc80000, 0x00000007c0000000)
  eden space 31232K, 100% used [0x000000076ad80000,0x000000076cc00000,0x000000076cc00000)
  from space 512K, 12% used [0x000000076db80000,0x000000076db90000,0x000000076dc00000)
  to   space 512K, 0% used [0x000000076dc00000,0x000000076dc00000,0x000000076dc80000)
 ParOldGen       total 175104K, used 2439K [0x00000006c0800000, 0x00000006cb300000, 0x000000076ad80000)
  object space 175104K, 1% used [0x00000006c0800000,0x00000006c0a61ee0,0x00000006cb300000)
 Metaspace       used 12410K, capacity 12656K, committed 12928K, reserved 1060864K
  class space    used 1527K, capacity 1612K, committed 1664K, reserved 1048576K
Event: 108.826 GC heap after
Heap after GC invocations=174 (full 0):
 PSYoungGen      total 31744K, used 96K [0x000000076ad80000, 0x000000076dc80000, 0x00000007c0000000)
  eden space 31232K, 0% used [0x000000076ad80000,0x000000076ad80000,0x000000076cc00000)
  from space 512K, 18% used [0x000000076dc00000,0x000000076dc18000,0x000000076dc80000)
  to   space 512K, 0% used [0x000000076db80000,0x000000076db80000,0x000000076dc00000)
 ParOldGen       total 175104K, used 2439K [0x00000006c0800000, 0x00000006cb300000, 0x000000076ad80000)
  object space 175104K, 1% used [0x00000006c0800000,0x00000006c0a61ee0,0x00000006cb300000)
 Metaspace       used 12410K, capacity 12656K, committed 12928K, reserved 1060864K
  class space    used 1527K, capacity 1612K, committed 1664K, reserved 1048576K
}
Event: 109.280 GC heap before
{Heap before GC invocations=175 (full 0):
 PSYoungGen      total 31744K, used 26932K [0x000000076ad80000, 0x000000076dc80000, 0x00000007c0000000)
  eden space 31232K, 85% used [0x000000076ad80000,0x000000076c7b5090,0x000000076cc00000)
  from space 512K, 18% used [0x000000076dc00000,0x000000076dc18000,0x000000076dc80000)
  to   space 512K, 0% used [0x000000076db80000,0x000000076db80000,0x000000076dc00000)
 ParOldGen       total 175104K, used 2439K [0x00000006c0800000, 0x00000006cb300000, 0x000000076ad80000)
  object space 175104K, 1% used [0x00000006c0800000,0x00000006c0a61ee0,0x00000006cb300000)
 Metaspace       used 12416K, capacity 12656K, committed 12928K, reserved 1060864K
  class space    used 1527K, capacity 1612K, committed 1664K, reserved 1048576K
Event: 109.284 GC heap after
Heap after GC invocations=175 (full 0):
 PSYoungGen      total 31744K, used 64K [0x000000076ad80000, 0x000000076dc80000, 0x00000007c0000000)
  eden space 31232K, 0% used [0x000000076ad80000,0x000000076ad80000,0x000000076cc00000)
  from space 512K, 12% used [0x000000076db80000,0x000000076db90000,0x000000076dc00000)
  to   space 512K, 0% used [0x000000076dc00000,0x000000076dc00000,0x000000076dc80000)
 ParOldGen       total 175104K, used 8778K [0x00000006c0800000, 0x00000006cb300000, 0x000000076ad80000)
  object space 175104K, 5% used [0x00000006c0800000,0x00000006c10929b0,0x00000006cb300000)
 Metaspace       used 12416K, capacity 12656K, committed 12928K, reserved 1060864K
  class space    used 1527K, capacity 1612K, committed 1664K, reserved 1048576K
}
Event: 112.666 GC heap before
{Heap before GC invocations=176 (full 0):
 PSYoungGen      total 31744K, used 23444K [0x000000076ad80000, 0x000000076dc80000, 0x00000007c0000000)
  eden space 31232K, 74% used [0x000000076ad80000,0x000000076c4553d0,0x000000076cc00000)
  from space 512K, 12% used [0x000000076db80000,0x000000076db90000,0x000000076dc00000)
  to   space 512K, 0% used [0x000000076dc00000,0x000000076dc00000,0x000000076dc80000)
 ParOldGen       total 2790912K, used 2748886K [0x00000006c0800000, 0x000000076ad80000, 0x000000076ad80000)
  object space 2790912K, 98% used [0x00000006c0800000,0x00000007684758f0,0x000000076ad80000)
 Metaspace       used 12416K, capacity 12656K, committed 12928K, reserved 1060864K
  class space    used 1527K, capacity 1612K, committed 1664K, reserved 1048576K
Event: 112.849 GC heap after
Heap after GC invocations=176 (full 0):
 PSYoungGen      total 38400K, used 160K [0x000000076ad80000, 0x000000076dc80000, 0x00000007c0000000)
  eden space 37888K, 0% used [0x000000076ad80000,0x000000076ad80000,0x000000076d280000)
  from space 512K, 31% used [0x000000076dc00000,0x000000076dc28000,0x000000076dc80000)
  to   space 512K, 0% used [0x000000076db80000,0x000000076db80000,0x000000076dc00000)
 ParOldGen       total 2790912K, used 2748894K [0x00000006c0800000, 0x000000076ad80000, 0x000000076ad80000)
  object space 2790912K, 98% used [0x00000006c0800000,0x00000007684778f0,0x000000076ad80000)
 Metaspace       used 12416K, capacity 12656K, committed 12928K, reserved 1060864K
  class space    used 1527K, capacity 1612K, committed 1664K, reserved 1048576K
}
Event: 112.849 GC heap before
{Heap before GC invocations=177 (full 0):
 PSYoungGen      total 38400K, used 160K [0x000000076ad80000, 0x000000076dc80000, 0x00000007c0000000)
  eden space 37888K, 0% used [0x000000076ad80000,0x000000076ad80000,0x000000076d280000)
  from space 512K, 31% used [0x000000076dc00000,0x000000076dc28000,0x000000076dc80000)
  to   space 512K, 0% used [0x000000076db80000,0x000000076db80000,0x000000076dc00000)
 ParOldGen       total 2790912K, used 2748894K [0x00000006c0800000, 0x000000076ad80000, 0x000000076ad80000)
  object space 2790912K, 98% used [0x00000006c0800000,0x00000007684778f0,0x000000076ad80000)
 Metaspace       used 12416K, capacity 12656K, committed 12928K, reserved 1060864K
  class space    used 1527K, capacity 1612K, committed 1664K, reserved 1048576K
Event: 113.034 GC heap after
Heap after GC invocations=177 (full 0):
 PSYoungGen      total 46080K, used 0K [0x000000076ad80000, 0x000000076dc80000, 0x00000007c0000000)
  eden space 45568K, 0% used [0x000000076ad80000,0x000000076ad80000,0x000000076da00000)
  from space 512K, 0% used [0x000000076db80000,0x000000076db80000,0x000000076dc00000)
  to   space 512K, 0% used [0x000000076dc00000,0x000000076dc00000,0x000000076dc80000)
 ParOldGen       total 2790912K, used 2749038K [0x00000006c0800000, 0x000000076ad80000, 0x000000076ad80000)
  object space 2790912K, 98% used [0x00000006c0800000,0x000000076849b8f0,0x000000076ad80000)
 Metaspace       used 12416K, capacity 12656K, committed 12928K, reserved 1060864K
  class space    used 1527K, capacity 1612K, committed 1664K, reserved 1048576K
}
Event: 113.034 GC heap before
{Heap before GC invocations=178 (full 1):
 PSYoungGen      total 46080K, used 0K [0x000000076ad80000, 0x000000076dc80000, 0x00000007c0000000)
  eden space 45568K, 0% used [0x000000076ad80000,0x000000076ad80000,0x000000076da00000)
  from space 512K, 0% used [0x000000076db80000,0x000000076db80000,0x000000076dc00000)
  to   space 512K, 0% used [0x000000076dc00000,0x000000076dc00000,0x000000076dc80000)
 ParOldGen       total 2790912K, used 2749038K [0x00000006c0800000, 0x000000076ad80000, 0x000000076ad80000)
  object space 2790912K, 98% used [0x00000006c0800000,0x000000076849b8f0,0x000000076ad80000)
 Metaspace       used 12416K, capacity 12656K, committed 12928K, reserved 1060864K
  class space    used 1527K, capacity 1612K, committed 1664K, reserved 1048576K

