# JRE version: Java(TM) SE Runtime Environment (8.0_331-b09) (build 1.8.0_331-b09)
# Java VM: Java HotSpot(TM) 64-Bit Server VM (25.331-b09 mixed mode windows-amd64 compressed oops)
Heap:
 PSYoungGen      total 40448K, used 128K [0x000000076ad80000, 0x000000076de80000, 0x00000007c0000000)
  eden space 39424K, 0% used [0x000000076ad80000,0x000000076ad80000,0x000000076d400000)
  from space 1024K, 12% used [0x000000076d400000,0x000000076d420000,0x000000076d500000)
  to   space 1024K, 0% used [0x000000076dd80000,0x000000076dd80000,0x000000076de80000)
 ParOldGen       total 2790912K, used 2748997K [0x00000006c0800000, 0x000000076ad80000, 0x000000076ad80000)
  object space 2790912K, 98% used [0x00000006c0800000,0x0000000768491440,0x000000076ad80000)
 Metaspace       used 12919K, capacity 13148K, committed 13312K, reserved 1060864K
  class space    used 1617K, capacity 1708K, committed 1792K, reserved 1048576K
GC Heap History (10 events):
Event: 14.812 GC heap after
Heap after GC invocations=37 (full 0):
 PSYoungGen      total 40960K, used 64K [0x000000076ad80000, 0x000000076d780000, 0x00000007c0000000)
  eden space 39424K, 0% used [0x000000076ad80000,0x000000076ad80000,0x000000076d400000)
  from space 1536K, 4% used [0x000000076d480000,0x000000076d490000,0x000000076d600000)
  to   space 1536K, 0% used [0x000000076d600000,0x000000076d600000,0x000000076d780000)
 ParOldGen       total 175104K, used 3507K [0x00000006c0800000, 0x00000006cb300000, 0x000000076ad80000)
  object space 175104K, 2% used [0x00000006c0800000,0x00000006c0b6cef0,0x00000006cb300000)
 Metaspace       used 12910K, capacity 13148K, committed 13312K, reserved 1060864K
  class space    used 1616K, capacity 1708K, committed 1792K, reserved 1048576K
}
Event: 15.041 GC heap before
{Heap before GC invocations=38 (full 0):
 PSYoungGen      total 40960K, used 39488K [0x000000076ad80000, 0x000000076d780000, 0x00000007c0000000)
  eden space 39424K, 100% used [0x000000076ad80000,0x000000076d400000,0x000000076d400000)
  from space 1536K, 4% used [0x000000076d480000,0x000000076d490000,0x000000076d600000)
  to   space 1536K, 0% used [0x000000076d600000,0x000000076d600000,0x000000076d780000)
 ParOldGen       total 175104K, used 3507K [0x00000006c0800000, 0x00000006cb300000, 0x000000076ad80000)
  object space 175104K, 2% used [0x00000006c0800000,0x00000006c0b6cef0,0x00000006cb300000)
 Metaspace       used 12910K, capacity 13148K, committed 13312K, reserved 1060864K
  class space    used 1616K, capacity 1708K, committed 1792K, reserved 1048576K
Event: 15.042 GC heap after
Heap after GC invocations=38 (full 0):
 PSYoungGen      total 39424K, used 96K [0x000000076ad80000, 0x000000076d680000, 0x00000007c0000000)
  eden space 38912K, 0% used [0x000000076ad80000,0x000000076ad80000,0x000000076d380000)
  from space 512K, 18% used [0x000000076d600000,0x000000076d618000,0x000000076d680000)
  to   space 1536K, 0% used [0x000000076d380000,0x000000076d380000,0x000000076d500000)
 ParOldGen       total 175104K, used 3507K [0x00000006c0800000, 0x00000006cb300000, 0x000000076ad80000)
  object space 175104K, 2% used [0x00000006c0800000,0x00000006c0b6cef0,0x00000006cb300000)
 Metaspace       used 12910K, capacity 13148K, committed 13312K, reserved 1060864K
  class space    used 1616K, capacity 1708K, committed 1792K, reserved 1048576K
}
Event: 15.272 GC heap before
{Heap before GC invocations=39 (full 0):
 PSYoungGen      total 39424K, used 39008K [0x000000076ad80000, 0x000000076d680000, 0x00000007c0000000)
  eden space 38912K, 100% used [0x000000076ad80000,0x000000076d380000,0x000000076d380000)
  from space 512K, 18% used [0x000000076d600000,0x000000076d618000,0x000000076d680000)
  to   space 1536K, 0% used [0x000000076d380000,0x000000076d380000,0x000000076d500000)
 ParOldGen       total 175104K, used 3507K [0x00000006c0800000, 0x00000006cb300000, 0x000000076ad80000)
  object space 175104K, 2% used [0x00000006c0800000,0x00000006c0b6cef0,0x00000006cb300000)
 Metaspace       used 12910K, capacity 13148K, committed 13312K, reserved 1060864K
  class space    used 1616K, capacity 1708K, committed 1792K, reserved 1048576K
Event: 15.273 GC heap after
Heap after GC invocations=39 (full 0):
 PSYoungGen      total 39936K, used 96K [0x000000076ad80000, 0x000000076d680000, 0x00000007c0000000)
  eden space 38400K, 0% used [0x000000076ad80000,0x000000076ad80000,0x000000076d300000)
  from space 1536K, 6% used [0x000000076d380000,0x000000076d398000,0x000000076d500000)
  to   space 1536K, 0% used [0x000000076d500000,0x000000076d500000,0x000000076d680000)
 ParOldGen       total 175104K, used 3507K [0x00000006c0800000, 0x00000006cb300000, 0x000000076ad80000)
  object space 175104K, 2% used [0x00000006c0800000,0x00000006c0b6cef0,0x00000006cb300000)
 Metaspace       used 12910K, capacity 13148K, committed 13312K, reserved 1060864K
  class space    used 1616K, capacity 1708K, committed 1792K, reserved 1048576K
}
Event: 15.314 GC heap before
{Heap before GC invocations=40 (full 0):
 PSYoungGen      total 39936K, used 35436K [0x000000076ad80000, 0x000000076d680000, 0x00000007c0000000)
  eden space 38400K, 92% used [0x000000076ad80000,0x000000076d003368,0x000000076d300000)
  from space 1536K, 6% used [0x000000076d380000,0x000000076d398000,0x000000076d500000)
  to   space 1536K, 0% used [0x000000076d500000,0x000000076d500000,0x000000076d680000)
 ParOldGen       total 175104K, used 3507K [0x00000006c0800000, 0x00000006cb300000, 0x000000076ad80000)
  object space 175104K, 2% used [0x00000006c0800000,0x00000006c0b6cef0,0x00000006cb300000)
 Metaspace       used 12919K, capacity 13148K, committed 13312K, reserved 1060864K
  class space    used 1617K, capacity 1708K, committed 1792K, reserved 1048576K
Event: 15.328 GC heap after
Heap after GC invocations=40 (full 0):
 PSYoungGen      total 40960K, used 128K [0x000000076ad80000, 0x000000076de80000, 0x00000007c0000000)
  eden space 39424K, 0% used [0x000000076ad80000,0x000000076ad80000,0x000000076d400000)
  from space 1536K, 8% used [0x000000076d500000,0x000000076d520000,0x000000076d680000)
  to   space 1024K, 0% used [0x000000076d400000,0x000000076d400000,0x000000076d500000)
 ParOldGen       total 175104K, used 24889K [0x00000006c0800000, 0x00000006cb300000, 0x000000076ad80000)
  object space 175104K, 14% used [0x00000006c0800000,0x00000006c204e700,0x00000006cb300000)
 Metaspace       used 12919K, capacity 13148K, committed 13312K, reserved 1060864K
  class space    used 1617K, capacity 1708K, committed 1792K, reserved 1048576K
}
Event: 18.424 GC heap before
{Heap before GC invocations=41 (full 0):
 PSYoungGen      total 40960K, used 16299K [0x000000076ad80000, 0x000000076de80000, 0x00000007c0000000)
  eden space 39424K, 41% used [0x000000076ad80000,0x000000076bd4aee8,0x000000076d400000)
  from space 1536K, 8% used [0x000000076d500000,0x000000076d520000,0x000000076d680000)
  to   space 1024K, 0% used [0x000000076d400000,0x000000076d400000,0x000000076d500000)
 ParOldGen       total 2790912K, used 2748973K [0x00000006c0800000, 0x000000076ad80000, 0x000000076ad80000)
  object space 2790912K, 98% used [0x00000006c0800000,0x000000076848b440,0x000000076ad80000)
 Metaspace       used 12919K, capacity 13148K, committed 13312K, reserved 1060864K
  class space    used 1617K, capacity 1708K, committed 1792K, reserved 1048576K
Event: 18.596 GC heap after
Heap after GC invocations=41 (full 0):
 PSYoungGen      total 40448K, used 128K [0x000000076ad80000, 0x000000076de80000, 0x00000007c0000000)
  eden space 39424K, 0% used [0x000000076ad80000,0x000000076ad80000,0x000000076d400000)
  from space 1024K, 12% used [0x000000076d400000,0x000000076d420000,0x000000076d500000)
  to   space 1024K, 0% used [0x000000076dd80000,0x000000076dd80000,0x000000076de80000)
 ParOldGen       total 2790912K, used 2748997K [0x00000006c0800000, 0x000000076ad80000, 0x000000076ad80000)
  object space 2790912K, 98% used [0x00000006c0800000,0x0000000768491440,0x000000076ad80000)
 Metaspace       used 12919K, capacity 13148K, committed 13312K, reserved 1060864K
  class space    used 1617K, capacity 1708K, committed 1792K, reserved 1048576K
}
Event: 18.596 GC heap before
{Heap before GC invocations=42 (full 1):
 PSYoungGen      total 40448K, used 128K [0x000000076ad80000, 0x000000076de80000, 0x00000007c0000000)
  eden space 39424K, 0% used [0x000000076ad80000,0x000000076ad80000,0x000000076d400000)
  from space 1024K, 12% used [0x000000076d400000,0x000000076d420000,0x000000076d500000)
  to   space 1024K, 0% used [0x000000076dd80000,0x000000076dd80000,0x000000076de80000)
 ParOldGen       total 2790912K, used 2748997K [0x00000006c0800000, 0x000000076ad80000, 0x000000076ad80000)
  object space 2790912K, 98% used [0x00000006c0800000,0x0000000768491440,0x000000076ad80000)
 Metaspace       used 12919K, capacity 13148K, committed 13312K, reserved 1060864K
  class space    used 1617K, capacity 1708K, committed 1792K, reserved 1048576K

